# JRE version: Java(TM) SE Runtime Environment (17.0.12+8) (build 17.0.12+8-LTS-286)
# Java VM: Java HotSpot(TM) 64-Bit Server VM (17.0.12+8-LTS-286, mixed mode, sharing, tiered, compressed oops, compressed class ptrs, g1 gc, windows-amd64)
GC Precious Log:
 CPUs: 14 total, 14 available
 Memory: 15804M
 Large Page Support: Disabled
 NUMA Support: Disabled
 Compressed Oops: Enabled (Zero based)
 Heap Region Size: 2M
 Heap Min Capacity: 8M
 Heap Initial Capacity: 248M
 Heap Max Capacity: 4G
 Pre-touch: Disabled
 Parallel Workers: 11
 Concurrent Workers: 3
 Concurrent Refinement Workers: 11
 Periodic GC: Disabled
Heap:
 garbage-first heap   total 239616K, used 148180K [0x0000000700000000, 0x0000000800000000)
  region size 2048K, 9 young (18432K), 1 survivors (2048K)
 Metaspace       used 130264K, committed 131776K, reserved 1179648K
  class space    used 16945K, committed 17664K, reserved 1048576K
GC Heap History (20 events):
Event: 14.071 GC heap before
{Heap before GC invocations=15 (full 0):
 garbage-first heap   total 133120K, used 99669K [0x0000000700000000, 0x0000000800000000)
  region size 2048K, 29 young (59392K), 4 survivors (8192K)
 Metaspace       used 87076K, committed 87552K, reserved 1179648K
  class space    used 10702K, committed 10944K, reserved 1048576K
}
Event: 14.077 GC heap after
{Heap after GC invocations=16 (full 0):
 garbage-first heap   total 133120K, used 54329K [0x0000000700000000, 0x0000000800000000)
  region size 2048K, 4 young (8192K), 4 survivors (8192K)
 Metaspace       used 87076K, committed 87552K, reserved 1179648K
  class space    used 10702K, committed 10944K, reserved 1048576K
}
Event: 16.192 GC heap before
{Heap before GC invocations=16 (full 0):
 garbage-first heap   total 133120K, used 101433K [0x0000000700000000, 0x0000000800000000)
  region size 2048K, 27 young (55296K), 4 survivors (8192K)
 Metaspace       used 97153K, committed 97792K, reserved 1179648K
  class space    used 12109K, committed 12416K, reserved 1048576K
}
Event: 16.196 GC heap after
{Heap after GC invocations=17 (full 0):
 garbage-first heap   total 133120K, used 55902K [0x0000000700000000, 0x0000000800000000)
  region size 2048K, 3 young (6144K), 3 survivors (6144K)
 Metaspace       used 97153K, committed 97792K, reserved 1179648K
  class space    used 12109K, committed 12416K, reserved 1048576K
}
Event: 17.530 GC heap before
{Heap before GC invocations=17 (full 0):
 garbage-first heap   total 133120K, used 70238K [0x0000000700000000, 0x0000000800000000)
  region size 2048K, 12 young (24576K), 3 survivors (6144K)
 Metaspace       used 100234K, committed 100800K, reserved 1179648K
  class space    used 12503K, committed 12800K, reserved 1048576K
}
Event: 17.533 GC heap after
{Heap after GC invocations=18 (full 0):
 garbage-first heap   total 133120K, used 58890K [0x0000000700000000, 0x0000000800000000)
  region size 2048K, 3 young (6144K), 3 survivors (6144K)
 Metaspace       used 100234K, committed 100800K, reserved 1179648K
  class space    used 12503K, committed 12800K, reserved 1048576K
}
Event: 24.043 GC heap before
{Heap before GC invocations=19 (full 0):
 garbage-first heap   total 133120K, used 101898K [0x0000000700000000, 0x0000000800000000)
  region size 2048K, 24 young (49152K), 3 survivors (6144K)
 Metaspace       used 109037K, committed 109696K, reserved 1179648K
  class space    used 13832K, committed 14144K, reserved 1048576K
}
Event: 24.047 GC heap after
{Heap after GC invocations=20 (full 0):
 garbage-first heap   total 133120K, used 60810K [0x0000000700000000, 0x0000000800000000)
  region size 2048K, 3 young (6144K), 3 survivors (6144K)
 Metaspace       used 109037K, committed 109696K, reserved 1179648K
  class space    used 13832K, committed 14144K, reserved 1048576K
}
Event: 27.110 GC heap before
{Heap before GC invocations=20 (full 0):
 garbage-first heap   total 133120K, used 101770K [0x0000000700000000, 0x0000000800000000)
  region size 2048K, 24 young (49152K), 3 survivors (6144K)
 Metaspace       used 117411K, committed 118336K, reserved 1179648K
  class space    used 15096K, committed 15552K, reserved 1048576K
}
Event: 27.114 GC heap after
{Heap after GC invocations=21 (full 0):
 garbage-first heap   total 133120K, used 62825K [0x0000000700000000, 0x0000000800000000)
  region size 2048K, 2 young (4096K), 2 survivors (4096K)
 Metaspace       used 117411K, committed 118336K, reserved 1179648K
  class space    used 15096K, committed 15552K, reserved 1048576K
}
Event: 28.436 GC heap before
{Heap before GC invocations=21 (full 0):
 garbage-first heap   total 133120K, used 79209K [0x0000000700000000, 0x0000000800000000)
  region size 2048K, 12 young (24576K), 2 survivors (4096K)
 Metaspace       used 121151K, committed 122176K, reserved 1179648K
  class space    used 15531K, committed 16000K, reserved 1048576K
}
Event: 28.440 GC heap after
{Heap after GC invocations=22 (full 0):
 garbage-first heap   total 133120K, used 64240K [0x0000000700000000, 0x0000000800000000)
  region size 2048K, 2 young (4096K), 2 survivors (4096K)
 Metaspace       used 121151K, committed 122176K, reserved 1179648K
  class space    used 15531K, committed 16000K, reserved 1048576K
}
Event: 29.415 GC heap before
{Heap before GC invocations=23 (full 0):
 garbage-first heap   total 133120K, used 97008K [0x0000000700000000, 0x0000000800000000)
  region size 2048K, 17 young (34816K), 2 survivors (4096K)
 Metaspace       used 125082K, committed 126208K, reserved 1179648K
  class space    used 16118K, committed 16640K, reserved 1048576K
}
Event: 29.418 GC heap after
{Heap after GC invocations=24 (full 0):
 garbage-first heap   total 133120K, used 66526K [0x0000000700000000, 0x0000000800000000)
  region size 2048K, 3 young (6144K), 3 survivors (6144K)
 Metaspace       used 125082K, committed 126208K, reserved 1179648K
  class space    used 16118K, committed 16640K, reserved 1048576K
}
Event: 30.013 GC heap before
{Heap before GC invocations=25 (full 0):
 garbage-first heap   total 133120K, used 91102K [0x0000000700000000, 0x0000000800000000)
  region size 2048K, 14 young (28672K), 3 survivors (6144K)
 Metaspace       used 127185K, committed 128576K, reserved 1179648K
  class space    used 16469K, committed 17152K, reserved 1048576K
}
Event: 30.018 GC heap after
{Heap after GC invocations=26 (full 0):
 garbage-first heap   total 133120K, used 67892K [0x0000000700000000, 0x0000000800000000)
  region size 2048K, 2 young (4096K), 2 survivors (4096K)
 Metaspace       used 127185K, committed 128576K, reserved 1179648K
  class space    used 16469K, committed 17152K, reserved 1048576K
}
Event: 30.301 GC heap before
{Heap before GC invocations=27 (full 0):
 garbage-first heap   total 225280K, used 139572K [0x0000000700000000, 0x0000000800000000)
  region size 2048K, 7 young (14336K), 2 survivors (4096K)
 Metaspace       used 128183K, committed 129536K, reserved 1179648K
  class space    used 16602K, committed 17280K, reserved 1048576K
}
Event: 30.305 GC heap after
{Heap after GC invocations=28 (full 0):
 garbage-first heap   total 225280K, used 135329K [0x0000000700000000, 0x0000000800000000)
  region size 2048K, 2 young (4096K), 2 survivors (4096K)
 Metaspace       used 128183K, committed 129536K, reserved 1179648K
  class space    used 16602K, committed 17280K, reserved 1048576K
}
Event: 31.827 GC heap before
{Heap before GC invocations=29 (full 0):
 garbage-first heap   total 239616K, used 149665K [0x0000000700000000, 0x0000000800000000)
  region size 2048K, 8 young (16384K), 2 survivors (4096K)
 Metaspace       used 128887K, committed 130304K, reserved 1179648K
  class space    used 16701K, committed 17408K, reserved 1048576K
}
Event: 31.829 GC heap after
{Heap after GC invocations=30 (full 0):
 garbage-first heap   total 239616K, used 133844K [0x0000000700000000, 0x0000000800000000)
  region size 2048K, 1 young (2048K), 1 survivors (2048K)
 Metaspace       used 128887K, committed 130304K, reserved 1179648K
  class space    used 16701K, committed 17408K, reserved 1048576K
}

